width = 65 high = 57 begin_x = 61 begin_y = 45
timer until O (goal) reached = 60

Current vision : 

.#.#.
#####
.#P#.
##.##
.#.#.

solver said : DOWN

Current vision : 

#####
.#E#.
##P##
.#.#.
##.##

solver said : DOWN

Current vision : 

.#E#.
##.##
.#P#.
##.##
.#...

solver said : LEFT



 -----------BILAN---------- 

🏰🏰🏰🏰🏰🏰🏰🏰🏰🏰🏰🏰🏰🏰🏰🏰🏰🏰🏰🏰🏰🏰🏰🏰🏰🏰🏰🏰🏰🏰🏰🏰🏰🏰🏰🏰🏰🏰🏰🏰🏰🏰🏰🏰🏰🏰🏰🏰🏰🏰🏰🏰🏰🏰🏰🏰🏰🏰🏰🏰🏰🏰🏰🏰🏰
🏰🔲🏰🔲🏰🔲🏰🔲🏰🔲🏰🔲🏰🔲🏰🔲🏰🔲🏰🔲🏰🔲🏰🔲🏰🔲🏰🔲🏰🔲🏰🔲🏰🔲🔲🔲🔲🔲🔲🔲🔲🔲🔲🔲🏰🔲🏰🔲🔲🔲🔲🔲🔲🔲🔲🔲🏰🔲🏰🔲🔲🔲🔲🔲🏰
🏰🏰🏰🏰🏰🏰🏰🏰🏰🏰🏰🏰🏰🏰🏰🏰🏰🏰🏰🏰🏰🏰🏰🏰🏰🏰🏰🏰🏰🔲🏰🏰🏰🏰🏰🔲🏰🏰🏰🏰🏰🔲🏰🔲🏰🔲🏰🔲🏰🔲🏰🔲🏰🔲🏰🔲🏰🔲🏰🔲🏰🔲🏰🔲🏰
🏰🔲🏰🔲🏰🔲🏰🔲🏰🔲🏰🔲🏰🔲🏰🔲🏰🔲🏰🔲🏰🔲🏰🔲🏰🔲🏰🔲🏰🔲🔲🔲🔲🔲🏰🔲🏰🔲🏰🔲🏰🔲🔲🔲🔲🔲🔲🔲🔲🔲🔲🔲🏰🔲🏰🔲🔲🔲🔲🔲🔲🔲🔲🔲🏰
🏰🏰🏰🏰🏰🏰🏰🏰🏰🏰🏰🏰🏰🏰🏰🏰🏰🏰🏰🏰🏰🏰🏰🏰🏰🏰🏰🔲🏰🔲🏰🔲🏰🏰🏰🔲🏰🔲🏰🔲🏰🏰🏰🏰🏰🔲🏰🔲🏰🏰🏰🏰🏰🏰🏰🔲🏰🏰🏰🔲🏰🔲🏰🔲🏰
🏰🔲🏰🔲🏰🔲🏰🔲🏰🔲🏰🔲🏰🔲🏰🔲🏰🔲🏰🔲🏰🔲🏰🔲🏰🔲🔲🔲🔲🔲🏰🔲🔲🔲🔲🔲🏰🔲🔲🔲🔲🔲🔲🔲🔲🔲🔲🔲🔲🔲🔲🔲🔲🔲🏰🔲🔲🔲🔲🔲🔲🔲🔲🔲🏰
🏰🏰🏰🏰🏰🏰🏰🏰🏰🏰🏰🏰🏰🏰🏰🏰🏰🏰🏰🏰🏰🏰🏰🏰🏰🏰🏰🔲🏰🏰🏰🔲🏰🏰🏰🏰🏰🏰🏰🔲🏰🏰🏰🏰🏰🔲🏰🔲🏰🔲🏰🏰🏰🔲🏰🔲🏰🏰🏰🔲🏰🔲🏰🏰🏰
🏰🔲🏰🔲🏰🔲🏰🔲🏰🔲🏰🔲🏰🔲🏰🔲🏰🔲🏰🔲🏰🔲🏰🔲🏰🔲🏰🔲🔲🔲🔲🔲🔲🔲🔲🔲🏰🔲🔲🔲🏰🔲🏰🔲🔲🔲🏰🔲🔲🔲🔲🔲🏰🔲🔲🔲🏰🔲🔲🔲🔲🔲🔲🔲🏰
🏰🏰🏰🏰🏰🏰🏰🏰🏰🏰🏰🏰🏰🏰🏰🏰🏰🏰🏰🏰🏰🏰🏰🏰🏰🏰🏰🏰🏰🔲🏰🏰🏰🏰🏰🔲🏰🏰🏰🏰🏰🏰🏰🔲🏰🔲🏰🔲🏰🏰🏰🔲🏰🔲🏰🔲🏰🔲🏰🔲🏰🏰🏰🏰🏰
🏰🔲🏰🔲🏰🔲🏰🔲🏰🔲🏰🔲🏰🔲🏰🔲🏰🔲🏰🔲🏰🔲🏰🔲🏰🔲🏰🔲🏰🔲🔲🔲🏰🔲🏰🔲🏰🔲🏰🔲🏰🔲🏰🔲🔲🔲🔲🔲🏰🔲🔲🔲🔲🔲🔲🔲🔲🔲🏰🔲🏰🔲🏰🔲🏰
🏰🏰🏰🏰🏰🏰🏰🏰🏰🏰🏰🏰🏰🏰🏰🏰🏰🏰🏰🏰🏰🏰🏰🏰🏰🏰🏰🏰🏰🔲🏰🏰🏰🏰🏰🏰🏰🏰🏰🏰🏰🏰🏰🔲🏰🔲🏰🔲🏰🔲🏰🔲🏰🔲🏰🏰🏰🔲🏰🏰🏰🏰🏰🏰🏰
🏰🔲🏰🔲🏰🔲🏰🔲🏰🔲🏰🔲🏰🔲🏰🔲🏰🔲🏰🔲🏰🔲🏰🔲🏰🔲🏰🔲🏰🔲🏰🔲🏰🔲🏰🔲🏰🔲🏰🔲🏰🔲🔲🔲🏰🔲🔲🔲🔲🔲🏰🔲🔲🔲🏰🔲🏰🔲🏰🔲🏰🔲🏰🔲🏰
🏰🏰🏰🏰🏰🏰🏰🏰🏰🏰🏰🏰🏰🏰🏰🏰🏰🏰🏰🏰🏰🏰🏰🏰🏰🏰🏰🏰🏰🔲🏰🏰🏰🏰🏰🏰🏰🏰🏰🏰🏰🏰🏰🔲🏰🏰🏰🔲🏰🏰🏰🏰🏰🔲🏰🏰🏰🔲🏰🏰🏰🏰🏰🏰🏰
🏰🔲🏰🔲🏰🔲🏰🔲🏰🔲🏰🔲🏰🔲🏰🔲🏰🔲🏰🔲🏰🔲🏰🔲🏰🔲🏰🔲🔲🔲🏰🔲🏰🔲🏰🔲🏰🔲🏰🔲🏰🔲🏰🔲🔲🔲🏰🔲🔲🔲🏰🔲🏰🔲🔲🔲🏰🔲🏰🔲🔲🔲🏰🔲🏰
🏰🏰🏰🏰🏰🏰🏰🏰🏰🏰🏰🏰🏰🏰🏰🏰🏰🏰🏰🏰🏰🏰🏰🏰🏰🏰🏰🔲🏰🔲🏰🏰🏰🏰🏰🏰🏰🏰🏰🏰🏰🏰🏰🔲🏰🔲🏰🔲🏰🔲🏰🏰🏰🏰🏰🔲🏰🔲🏰🏰🏰🔲🏰🏰🏰
🏰🔲🏰🔲🏰🔲🏰🔲🏰🔲🏰🔲🏰🔲🏰🔲🏰🔲🏰🔲🏰🔲🏰🔲🏰🔲🏰🔲🏰🔲🏰🔲🏰🔲🏰🔲🏰🔲🏰🔲🏰🔲🏰🔲🏰🔲🏰🔲🔲🔲🔲🔲🏰🔲🏰🔲🏰🔲🔲🔲🔲🔲🏰🔲🏰
🏰🏰🏰🏰🏰🏰🏰🏰🏰🏰🏰🏰🏰🏰🏰🏰🏰🏰🏰🏰🏰🏰🏰🏰🏰🏰🏰🔲🏰🏰🏰🏰🏰🏰🏰🏰🏰🏰🏰🏰🏰🏰🏰🔲🏰🏰🏰🔲🏰🔲🏰🔲🏰🔲🏰🔲🏰🏰🏰🏰🏰🏰🏰🏰🏰
🏰🔲🏰🔲🏰🔲🏰🔲🏰🔲🏰🔲🏰🔲🏰🔲🏰🔲🏰🔲🔲🔲🔲🔲🔲🔲🔲🔲🏰🔲🏰🔲🏰🔲🔲🔲🏰🔲🏰🔲🏰🔲🏰🔲🔲🔲🏰🔲🏰🔲🔲🔲🔲🔲🔲🔲🔲🔲🔲🔲🏰🔲🏰🔲🏰
🏰🏰🏰🏰🏰🏰🏰🏰🏰🏰🏰🏰🏰🏰🏰🏰🏰🏰🏰🏰🏰🔲🏰🏰🏰🏰🏰🏰🏰🏰🏰🏰🏰🏰🏰🔲🏰🏰🏰🏰🏰🏰🏰🔲🏰🏰🏰🔲🏰🔲🏰🏰🏰🔲🏰🏰🏰🏰🏰🔲🏰🏰🏰🏰🏰
🏰🔲🏰🔲🏰🔲🏰🔲🏰🔲🏰🔲🏰🔲🏰🔲🏰🔲🏰🔲🏰🔲🔲🔲🏰🔲🏰🔲🏰🔲🏰🔲🔲🔲🏰🔲🔲🔲🔲🔲🏰🔲🏰🔲🏰🔲🏰🔲🏰🔲🔲🔲🔲🔲🔲🔲🏰🔲🏰🔲🔲🔲🏰🔲🏰
🏰🏰🏰🏰🏰🏰🏰🏰🏰🏰🏰🏰🏰🏰🏰🏰🏰🏰🏰🏰🏰🏰🏰🔲🏰🏰🏰🏰🏰🔲🏰🔲🏰🔲🏰🔲🏰🔲🏰🔲🏰🏰🏰🔲🏰🏰🏰🔲🏰🏰🏰🏰🏰🔲🏰🔲🏰🔲🏰🔲🏰🔲🏰🔲🏰
🏰🔲🏰🔲🏰🔲🏰🔲🏰🔲🏰🔲🏰🔲🏰🔲🏰🔲🏰🔲🏰🔲🏰🔲🔲🔲🔲🔲🏰🔲🔲🔲🏰🔲🏰🔲🏰🔲🔲🔲🔲🔲🔲🔲🏰🔲🔲🔲🏰🔲🏰🔲🔲🔲🏰🔲🔲🔲🏰🔲🏰🔲🔲🔲🏰
🏰🏰🏰🏰🏰🏰🏰🏰🏰🏰🏰🏰🏰🏰🏰🏰🏰🏰🏰🏰🏰🏰🏰🏰🏰🔲🏰🔲🏰🔲🏰🔲🏰🔲🏰🔲🏰🏰🏰🏰🏰🔲🏰🏰🏰🔲🏰🏰🏰🏰🏰🔲🏰🔲🏰🏰🏰🔲🏰🏰🏰🔲🏰🏰🏰
🏰🔲🏰🔲🏰🔲🏰🔲🏰🔲🏰🔲🏰🔲🏰🔲🏰🔲🏰🔲🏰🔲🏰🔲🏰🔲🏰🔲🔲🔲🏰🔲🏰🔲🔲🔲🔲🔲🔲🔲🏰🔲🏰🔲🏰🔲🏰🔲🏰🔲🏰🔲🏰🔲🔲🔲🏰🔲🏰🔲🏰🔲🏰🔲🏰
🏰🏰🏰🏰🏰🏰🏰🏰🏰🏰🏰🏰🏰🏰🏰🏰🏰🏰🏰🏰🏰🏰🏰🏰🏰🏰🏰🏰🏰🏰🏰🏰🏰🏰🏰🏰🏰🔲🏰🏰🏰🔲🏰🏰🏰🔲🏰🏰🏰🏰🏰🏰🏰🏰🏰🏰🏰🏰🏰🏰🏰🏰🏰🏰🏰
🏰🔲🏰🔲🏰🔲🏰🔲🏰🔲🏰🔲🏰🔲🏰🔲🏰🔲🏰🔲🏰🔲🏰🔲🏰🔲🏰🔲🏰🔲🏰🔲🏰🔲🏰🔲🔲🔲🏰🔲🏰🔲🏰🔲🏰🔲🔲🔲🏰🔲🏰🔲🏰🔲🏰🔲🏰🔲🏰🔲🏰🔲🏰🔲🏰
🏰🏰🏰🏰🏰🏰🏰🏰🏰🏰🏰🏰🏰🏰🏰🏰🏰🏰🏰🏰🏰🏰🏰🏰🏰🏰🏰🏰🏰🏰🏰🏰🏰🏰🏰🔲🏰🏰🏰🏰🏰🏰🏰🏰🏰🏰🏰🔲🏰🏰🏰🏰🏰🏰🏰🏰🏰🏰🏰🏰🏰🏰🏰🏰🏰
🏰🔲🏰🔲🏰🔲🏰🔲🏰🔲🏰🔲🏰🔲🏰🔲🏰🔲🏰🔲🏰🔲🏰🔲🏰🔲🏰🔲🏰🔲🏰🔲🏰🔲🏰🔲🏰🔲🏰🔲🏰🔲🏰🔲🏰🔲🏰🔲🏰🔲🏰🔲🏰🔲🏰🔲🏰🔲🏰🔲🏰🔲🏰🔲🏰
🏰🏰🏰🏰🏰🏰🏰🏰🏰🏰🏰🏰🏰🏰🏰🏰🏰🏰🏰🏰🏰🏰🏰🏰🏰🏰🏰🏰🏰🏰🏰🏰🏰🏰🏰🔲🏰🏰🏰🏰🏰🏰🏰🏰🏰🏰🏰🔲🏰🏰🏰🏰🏰🏰🏰🏰🏰🏰🏰🏰🏰🏰🏰🏰🏰
🏰🔲🏰🔲🏰🔲🏰🔲🏰🔲🏰🔲🏰🔲🏰🔲🏰🔲🏰🔲🏰🔲🏰🔲🏰🔲🏰🔲🏰🔲🏰🔲🏰🔲🏰🔲🏰🔲🏰🔲🏰🔲🏰🔲🏰🔲🏰🔲🔲🔲🔲🔲🏰🔲🏰🔲🏰🔲🏰🔲🏰🔲🏰🔲🏰
🏰🏰🏰🏰🏰🏰🏰🏰🏰🏰🏰🏰🏰🏰🏰🏰🏰🏰🏰🏰🏰🏰🏰🏰🏰🏰🏰🏰🏰🏰🏰🏰🏰🏰🏰🏰🏰🏰🏰🏰🏰🏰🏰🏰🏰🏰🏰🏰🏰🏰🏰🔲🏰🏰🏰🏰🏰🏰🏰🏰🏰🏰🏰🏰🏰
🏰🔲🏰🔲🏰🔲🏰🔲🏰🔲🏰🔲🏰🔲🏰🔲🏰🔲🏰🔲🏰🔲🏰🔲🏰🔲🏰🔲🏰🔲🏰🔲🏰🔲🏰🔲🏰🔲🏰🔲🏰🔲🏰🔲🏰🔲🏰🔲🏰🔲🔲🔲🏰🔲🏰🔲🏰🔲🏰🔲🏰🔲🏰🔲🏰
🏰🏰🏰🏰🏰🏰🏰🏰🏰🏰🏰🏰🏰🏰🏰🏰🏰🏰🏰🏰🏰🏰🏰🏰🏰🏰🏰🏰🏰🏰🏰🏰🏰🏰🏰🏰🏰🏰🏰🏰🏰🏰🏰🏰🏰🏰🏰🏰🏰🏰🏰🔲🏰🏰🏰🏰🏰🏰🏰🏰🏰🏰🏰🏰🏰
🏰🔲🏰🔲🏰🔲🏰🔲🏰🔲🏰🔲🏰🔲🏰🔲🏰🔲🏰🔲🏰🔲🏰🔲🏰🔲🏰🔲🏰🔲🏰🔲🏰🔲🏰🔲🏰🔲🏰🔲🏰🔲🏰🔲🏰🔲🏰🔲🏰🔲🏰🔲🔲🔲🔲🔲🔲🥧🔲🔲🔲🔲🏰🔲🏰
🏰🏰🏰🏰🏰🏰🏰🏰🏰🏰🏰🏰🏰🏰🏰🏰🏰🏰🏰🏰🏰🏰🏰🏰🏰🏰🏰🏰🏰🏰🏰🏰🏰🏰🏰🏰🏰🏰🏰🏰🏰🏰🏰🏰🏰🏰🏰🏰🏰🏰🏰🏰🏰🏰🏰🏰🏰🏰🏰🏰🏰🔲🏰🏰🏰
🏰🔲🏰🔲🏰🔲🏰🔲🏰🔲🏰🔲🏰🔲🏰🔲🏰🔲🏰🔲🏰🔲🏰🔲🏰🔲🏰🔲🏰🔲🏰🔲🏰🔲🏰🔲🏰🔲🏰🔲🏰🔲🏰🔲🏰🔲🏰🔲🏰🔲🏰🔲🏰🔲🏰🔲🏰🔲🏰🔲🔲🔲🏰🔲🏰
🏰🏰🏰🏰🏰🏰🏰🏰🏰🏰🏰🏰🏰🏰🏰🏰🏰🏰🏰🏰🏰🏰🏰🏰🏰🏰🏰🏰🏰🏰🏰🏰🏰🏰🏰🏰🏰🏰🏰🏰🏰🏰🏰🏰🏰🏰🏰🏰🏰🏰🏰🏰🏰🏰🏰🏰🏰🏰🏰🔲🏰🏰🏰🏰🏰
🏰🔲🏰🔲🏰🔲🏰🔲🏰🔲🏰🔲🏰🔲🏰🔲🏰🔲🏰🔲🏰🔲🏰🔲🏰🔲🏰🔲🏰🔲🏰🔲🏰🔲🏰🔲🏰🔲🏰🔲🏰🔲🏰🔲🏰🔲🏰🔲🏰🔲🏰🔲🏰🔲🏰🔲🏰🔲🏰🔲🔲🔲🏰🔲🏰
🏰🏰🏰🏰🏰🏰🏰🏰🏰🏰🏰🏰🏰🏰🏰🏰🏰🏰🏰🏰🏰🏰🏰🏰🏰🏰🏰🏰🏰🏰🏰🏰🏰🏰🏰🏰🏰🏰🏰🏰🏰🏰🏰🏰🏰🏰🏰🏰🏰🏰🏰🏰🏰🏰🏰🏰🏰🔲🏰🔲🏰🏰🏰🏰🏰
🏰🔲🏰🔲🏰🔲🏰🔲🏰🔲🏰🔲🏰🔲🏰🔲🏰🔲🏰🔲🏰🔲🏰🔲🏰🔲🏰🔲🏰🔲🏰🔲🏰🔲🏰🔲🏰🔲🏰🔲🏰🔲🏰🔲🏰🔲🏰🔲🏰🔲🔲🔲🏰🔲🏰🔲🔲🔲🔲🔲🏰🔲🏰🔲🏰
🏰🏰🏰🏰🏰🏰🏰🏰🏰🏰🏰🏰🏰🏰🏰🏰🏰🏰🏰🏰🏰🏰🏰🏰🏰🏰🏰🏰🏰🏰🏰🏰🏰🏰🏰🏰🏰🏰🏰🏰🏰🏰🏰🏰🏰🏰🏰🔲🏰🔲🏰🔲🏰🏰🏰🔲🏰🔲🏰🏰🏰🏰🏰🏰🏰
🏰🔲🏰🔲🏰🔲🏰🔲🏰🔲🏰🔲🏰🔲🏰🔲🏰🔲🏰🔲🏰🔲🏰🔲🏰🔲🏰🔲🏰🔲🏰🔲🏰🔲🏰🔲🏰🔲🏰🔲🏰🔲🏰🔲🏰🔲🏰🔲🔲🔲🏰🔲🔲🔲🔲🔲🏰🔲🏰🔲🏰🔲🏰🔲🏰
🏰🏰🏰🏰🏰🏰🏰🏰🏰🏰🏰🏰🏰🏰🏰🏰🏰🏰🏰🏰🏰🏰🏰🏰🏰🏰🏰🏰🏰🏰🏰🏰🏰🏰🏰🏰🏰🏰🏰🏰🏰🏰🏰🏰🏰🏰🏰🏰🏰🔲🏰🏰🏰🏰🏰🔲🏰🔲🏰🏰🏰🏰🏰🏰🏰
🏰🔲🏰🔲🏰🔲🏰🔲🏰🔲🏰🔲🏰🔲🏰🔲🏰🔲🏰🔲🏰🔲🏰🔲🏰🔲🏰🔲🏰🔲🏰🔲🏰🔲🏰🔲🏰🔲🏰🔲🏰🔲🏰🔲🏰🔲🏰🔲🔲🔲🔲🔲🏰🔲🏰🔲🔲🔲🏰🔲🏰🔲🏰🔲🏰
🏰🏰🏰🏰🏰🏰🏰🏰🏰🏰🏰🏰🏰🏰🏰🏰🏰🏰🏰🏰🏰🏰🏰🏰🏰🏰🏰🏰🏰🏰🏰🏰🏰🏰🏰🏰🏰🏰🏰🏰🏰🏰🏰🏰🏰🏰🏰🔲🏰🔲🏰🔲🏰🏰🏰🔲🏰🏰🏰🏰🏰🏰🏰🏰🏰
🏰🔲🏰🔲🏰🔲🏰🔲🏰🔲🏰🔲🏰🔲🏰🔲🏰🔲🏰🔲🏰🔲🏰🔲🏰🔲🏰🔲🏰🔲🏰🔲🏰🔲🏰🔲🏰🔲🏰🔲🏰🔲🏰🔲🏰🔲🏰🔲🏰🔲🔲🔲🔲🔲🏰🔲🏰🔲🏰🔲🏰🍽🏰🔲🏰
🏰🏰🏰🏰🏰🏰🏰🏰🏰🏰🏰🏰🏰🏰🏰🏰🏰🏰🏰🏰🏰🏰🏰🏰🏰🏰🏰🏰🏰🏰🏰🏰🏰🏰🏰🏰🏰🏰🏰🏰🏰🏰🏰🏰🏰🏰🏰🔲🏰🔲🏰🔲🏰🔲🏰🏰🏰🏰🏰🏰🏰🔲🏰🏰🏰
🏰🔲🏰🔲🏰🔲🏰🔲🏰🔲🏰🔲🏰🔲🏰🔲🏰🔲🏰🔲🏰🔲🏰🔲🏰🔲🏰🔲🏰🔲🏰🔲🏰🔲🏰🔲🏰🔲🏰🔲🏰🔲🏰🔲🏰🔲🏰🔲🏰🔲🔲🔲🏰🔲🏰🔲🏰🔲🏰🔲💥🚙🏰🔲🏰
🏰🏰🏰🏰🏰🏰🏰🏰🏰🏰🏰🏰🏰🏰🏰🏰🏰🏰🏰🏰🏰🏰🏰🏰🏰🏰🏰🏰🏰🏰🏰🏰🏰🏰🏰🏰🏰🏰🏰🏰🏰🏰🏰🏰🏰🏰🏰🏰🏰🏰🏰🔲🏰🏰🏰🏰🏰🏰🏰🏰🏰🔲🏰🏰🏰
🏰🔲🏰🔲🏰🔲🏰🔲🏰🔲🏰🔲🏰🔲🏰🔲🏰🔲🏰🔲🏰🔲🏰🔲🏰🔲🏰🔲🏰🔲🏰🔲🏰🔲🏰🔲🏰🔲🏰🔲🏰🔲🏰🔲🏰🔲🏰🔲🏰🔲🔲🔲🔲🔲🏰🔲🏰🔲🏰🔲🏰🔲🔲🔲🏰
🏰🏰🏰🏰🏰🏰🏰🏰🏰🏰🏰🏰🏰🏰🏰🏰🏰🏰🏰🏰🏰🏰🏰🏰🏰🏰🏰🏰🏰🏰🏰🏰🏰🏰🏰🏰🏰🏰🏰🏰🏰🏰🏰🏰🏰🏰🏰🏰🏰🔲🏰🔲🏰🏰🏰🏰🏰🏰🏰🔲🏰🔲🏰🔲🏰
🏰🔲🏰🔲🏰🔲🏰🔲🏰🔲🏰🔲🏰🔲🏰🔲🏰🔲🏰🔲🏰🔲🏰🔲🏰🔲🏰🔲🏰🔲🏰🔲🏰🔲🏰🔲🏰🔲🏰🔲🏰🔲🏰🔲🏰🔲🏰🔲🏰🔲🏰🔲🔲🔲🔲🔲🏰🔲🏰🔲🔲🔲🔲🔲🏰
🏰🏰🏰🏰🏰🏰🏰🏰🏰🏰🏰🏰🏰🏰🏰🏰🏰🏰🏰🏰🏰🏰🏰🏰🏰🏰🏰🏰🏰🏰🏰🏰🏰🏰🏰🏰🏰🏰🏰🏰🏰🏰🏰🏰🏰🏰🏰🔲🏰🔲🏰🏰🏰🏰🏰🔲🏰🔲🏰🔲🏰🏰🏰🏰🏰
🏰🔲🏰🔲🏰🔲🏰🔲🏰🔲🏰🔲🏰🔲🏰🔲🏰🔲🏰🔲🏰🔲🏰🔲🏰🔲🏰🔲🏰🔲🏰🔲🏰🔲🏰🔲🏰🔲🏰🔲🏰🔲🏰🔲🔲🔲🔲🔲🔲🔲🔲🔲🏰🔲🔲🔲🔲🔲🔲🔲🏰🔲🔲🔲🏰
🏰🏰🏰🏰🏰🏰🏰🏰🏰🏰🏰🏰🏰🏰🏰🏰🏰🏰🏰🏰🏰🏰🏰🏰🏰🏰🏰🏰🏰🏰🏰🏰🏰🏰🏰🏰🏰🏰🏰🏰🏰🏰🏰🔲🏰🏰🏰🏰🏰🏰🏰🔲🏰🏰🏰🔲🏰🔲🏰🔲🏰🔲🏰🏰🏰
🏰🔲🏰🔲🏰🔲🏰🔲🏰🔲🏰🔲🏰🔲🏰🔲🏰🔲🏰🔲🏰🔲🏰🔲🏰🔲🏰🔲🏰🔲🏰🔲🏰🔲🏰🔲🏰🔲🏰🔲🏰🔲🏰🔲🔲🔲🏰🔲🔲🔲🔲🔲🔲🔲🔲🔲🏰🔲🏰🔲🔲🔲🔲🔲🏰
🏰🏰🏰🏰🏰🏰🏰🏰🏰🏰🏰🏰🏰🏰🏰🏰🏰🏰🏰🏰🏰🏰🏰🏰🏰🏰🏰🏰🏰🏰🏰🏰🏰🏰🏰🏰🏰🏰🏰🏰🏰🏰🏰🏰🏰🏰🏰🏰🏰🏰🏰🏰🏰🏰🏰🏰🏰🏰🏰🏰🏰🏰🏰🏰🏰


Boire ou conduire, il faut boire


--DEFAITE-- 

 3 mouvements
